        -:    0:Source:/mnt/c/Users/Admin/Documents/GitHub/a45-912-enache-vlad/ServiceUser.cpp
        -:    0:Graph:/mnt/c/Users/Admin/Documents/GitHub/a45-912-enache-vlad/cmake-build-debug-coverage/CMakeFiles/a45_912_enache_vlad.dir/ServiceUser.cpp.gcno
        -:    0:Data:/mnt/c/Users/Admin/Documents/GitHub/a45-912-enache-vlad/cmake-build-debug-coverage/CMakeFiles/a45_912_enache_vlad.dir/ServiceUser.cpp.gcda
        -:    0:Runs:1
        -:    1:
        -:    2:#include "ServiceUser.h"
        -:    3:
function _ZN11ServiceUserC2ER15RepoShelterDogsR15RepoAdoptedDogs called 2 returned 100% blocks executed 100%
        2:    4:ServiceUser::ServiceUser(RepoShelterDogs &repoShelter, RepoAdoptedDogs &repoAdopted) : repoShelter(repoShelter),
        2:    5:                                                                                               repoAdopted(repoAdopted) {}
        -:    6:
function _ZN11ServiceUser14getDogsShelterEv called 6 returned 100% blocks executed 100%
        6:    7:DynamicVector<Dog> ServiceUser::getDogsShelter() {
        6:    8:    return this->repoShelter.getDogs();
        6:    8-block  0
call    0 returned 6
        -:    9:}
        -:   10:
function _ZN11ServiceUser14getDogsAdoptedEv called 3 returned 100% blocks executed 100%
        3:   11:DynamicVector<Dog> ServiceUser::getDogsAdopted() {
        3:   12:    return this->repoAdopted.getDogs();
        3:   12-block  0
call    0 returned 3
        -:   13:}
        -:   14:
function _ZN11ServiceUser15getDogsFilteredERKNSt7__cxx1112basic_stringIcSt11char_traitsIcESaIcEEEi called 1 returned 100% blocks executed 63%
        1:   15:DynamicVector<Dog> ServiceUser::getDogsFiltered(const std::string &breed, int age) {
        2:   16:    DynamicVector<Dog> unfilteredDogs = getDogsShelter();
        1:   16-block  0
call    0 returned 1
branch  1 taken 1 (fallthrough)
branch  2 taken 0 (throw)
        1:   16-block  1
call    3 returned 1
    $$$$$:   16-block  2
call    4 never executed
        1:   17:    DynamicVector<Dog> filteredDogs;
        1:   17-block  0
call    0 returned 1
branch  1 taken 1 (fallthrough)
branch  2 taken 0 (throw)
        4:   18:    for (int i = 0; i < unfilteredDogs.getSize(); i++) {
        1:   18-block  0
        4:   18-block  1
call    0 returned 4
branch  1 taken 3 (fallthrough)
branch  2 taken 1
        6:   19:        Dog currentDog = unfilteredDogs[i];
        3:   19-block  0
call    0 returned 3
call    1 returned 3
branch  2 taken 3 (fallthrough)
branch  3 taken 0 (throw)
        3:   19-block  1
call    4 returned 3
    $$$$$:   19-block  2
call    5 never executed
       3*:   20:        if ((currentDog.getBreed() == breed  || breed.empty()) && currentDog.getAge() < age) {
        3:   20-block  0
call    0 returned 3
branch  1 taken 3 (fallthrough)
branch  2 taken 0 (throw)
        3:   20-block  1
call    3 returned 3
branch  4 taken 0 (fallthrough)
branch  5 taken 3
    %%%%%:   20-block  2
call    6 never executed
branch  7 never executed
branch  8 never executed
        3:   20-block  3
call    9 returned 3
branch 10 taken 3 (fallthrough)
branch 11 taken 0 (throw)
        3:   20-block  4
branch 12 taken 3 (fallthrough)
branch 13 taken 0
        3:   20-block  5
    %%%%%:   20-block  6
        3:   20-block  7
branch 14 taken 3 (fallthrough)
branch 15 taken 0
        3:   20-block  8
call   16 returned 3
        3:   20-block  9
branch 17 taken 3 (fallthrough)
branch 18 taken 0
    $$$$$:   20-block 10
branch 19 never executed
branch 20 never executed
    $$$$$:   20-block 11
call   21 never executed
    $$$$$:   20-block 12
        3:   21:            filteredDogs.addElement(currentDog);
        3:   21-block  0
call    0 returned 3
branch  1 taken 3 (fallthrough)
branch  2 taken 0 (throw)
        -:   22:        }
        -:   23:    }
        2:   24:    return filteredDogs;
        1:   24-block  0
        1:   24-block  1
        -:   25:}
        -:   26:
function _ZN11ServiceUser13getCurrentDogEv called 2 returned 100% blocks executed 80%
        2:   27:Dog ServiceUser::getCurrentDog() {
        -:   28:    // I have made the check in the UI
        4:   29:    return this->getDogsShelter()[this->indexCurrentDog];
        2:   29-block  0
call    0 returned 2
call    1 returned 2
call    2 returned 2
branch  3 taken 2 (fallthrough)
branch  4 taken 0 (throw)
        2:   29-block  1
call    5 returned 2
        2:   29-block  2
    $$$$$:   29-block  3
call    6 never executed
        -:   30:}
        -:   31:
function _ZN11ServiceUser14goToTheNextDogEv called 1 returned 100% blocks executed 100%
        1:   32:void ServiceUser::goToTheNextDog() {
        -:   33:    // if the index is the last one, then we go back to the first one
        1:   34:    this->indexCurrentDog = (this->indexCurrentDog + 1) % this->getDogsShelter().getSize();
        1:   34-block  0
call    0 returned 1
call    1 returned 1
call    2 returned 1
        1:   35:}
        -:   36:
function _ZN11ServiceUser8adoptDogERKNSt7__cxx1112basic_stringIcSt11char_traitsIcESaIcEEE called 1 returned 100% blocks executed 71%
        1:   37:void ServiceUser::adoptDog(const std::string &name) {
        2:   38:    Dog dog = this->repoShelter.getDogByName(name);
        1:   38-block  0
call    0 returned 1
branch  1 taken 1 (fallthrough)
branch  2 taken 0 (throw)
        1:   38-block  1
call    3 returned 1
    $$$$$:   38-block  2
call    4 never executed
        -:   39:    // call the other adoptDog function
        1:   40:    this->adoptDog(dog);
        1:   40-block  0
call    0 returned 1
branch  1 taken 1 (fallthrough)
branch  2 taken 0 (throw)
        1:   41:}
        -:   42:
function _ZN11ServiceUser8adoptDogERK3Dog called 1 returned 100% blocks executed 75%
        1:   43:void ServiceUser::adoptDog(const Dog& dog) {
        -:   44:    // remove dog from shelter
        1:   45:    this->repoShelter.deleteDog(dog.getName());
        1:   45-block  0
call    0 returned 1
call    1 returned 1
branch  2 taken 1 (fallthrough)
branch  3 taken 0 (throw)
        1:   45-block  1
call    4 returned 1
    $$$$$:   45-block  2
call    5 never executed
        -:   46:    // add dog to adopted list
        1:   47:    this->repoAdopted.addDog(dog);
call    0 returned 1
        -:   48:
        1:   49:}
        -:   50:
function _ZN11ServiceUserD2Ev called 2 returned 100% blocks executed 100%
        2:   51:ServiceUser::~ServiceUser() = default;
